2025-03-23 16:25:01 - Logging to file: C:\Users\nimbu\Desktop\Code\AI\ChatGoT\runs\run_20250323-162501\training.log
2025-03-23 16:25:01 - === LOGGING STARTED AT 2025-03-23 16:25:01 ===
2025-03-23 16:25:01 - Logger initialized with console and file output
2025-03-23 16:25:02 - Random seed set to 42 for reproducibility
2025-03-23 16:25:02 - Arguments saved to runs\run_20250323-162501\args.json
2025-03-23 16:25:02 - Using CUDA with 1 GPU(s)
2025-03-23 16:25:02 - PyTorch version: 2.6.0+cu118
2025-03-23 16:25:02 - GPU Memory Info:
GPU 0: NVIDIA GeForce GTX 1650 Ti, 4.00 GB total, 3.23 GB free
2025-03-23 16:25:02 - Enabled TF32 precision for faster training
2025-03-23 16:25:02 - Enabled cuDNN benchmark mode for faster training
2025-03-23 16:25:02 - Detected 4096MB total VRAM - optimizing for maximum utilization
2025-03-23 16:25:02 - Applied ULTRA-AGGRESSIVE GTX 1650 Ti settings for MAXIMUM throughput and VRAM utilization
2025-03-23 16:25:02 - [MEMORY] Using optimized gradient accumulation steps: 1
2025-03-23 16:25:02 - [MEMORY] Setting VRAM utilization target to 99.0%
2025-03-23 16:25:02 - ================================================================================
2025-03-23 16:25:02 -                                   LOADING DATA                                  
2025-03-23 16:25:02 - ================================================================================
2025-03-23 16:25:02 - Loading data from processed_data/got_char_data.pkl
2025-03-23 16:25:02 - Data loaded: 19268 training sequences, 2141 validation sequences
2025-03-23 16:25:02 - Vocabulary size: 89 characters
2025-03-23 16:25:02 - Created data loaders: 602 training batches, 17 validation batches
2025-03-23 16:25:03 - Using 4 workers for data loading with prefetch_factor=2
2025-03-23 16:25:03 - ================================================================================
2025-03-23 16:25:03 -                                  CREATING MODEL                                 
2025-03-23 16:25:03 - ================================================================================
2025-03-23 16:25:03 - Model initialized with 768 dimensions, 85,192,793 parameters
2025-03-23 16:25:03 - Trainable parameters: 85,192,793
2025-03-23 16:25:03 - Estimated model size: 327.98MB
2025-03-23 16:25:03 - Created transformer model with 85,192,793 parameters
2025-03-23 16:25:03 - Model config: d_model=768, n_head=12, d_hid=3072, n_layers=12
2025-03-23 16:25:03 - Using standard GPT-2 Small architecture
2025-03-23 16:25:03 - Using memory-efficient attention implementation
2025-03-23 16:25:04 - Model moved to cuda
2025-03-23 16:25:04 - Using 8-bit optimizers from bitsandbytes
2025-03-23 16:25:04 - Creating 8-bit AdamW optimizer
2025-03-23 16:25:06 - 8-bit optimizer successfully created
2025-03-23 16:25:06 - Using LambdaLR scheduler with warmup_steps=4000
2025-03-23 16:25:06 - ================================================================================
2025-03-23 16:25:06 -                              TRAINING CONFIGURATION                             
2025-03-23 16:25:06 - ================================================================================
2025-03-23 16:25:06 - Device: cuda
2025-03-23 16:25:06 - GPU: NVIDIA GeForce GTX 1650 Ti
2025-03-23 16:25:06 - CUDA: 11.8
2025-03-23 16:25:06 - PyTorch CUDA: 11.8
2025-03-23 16:25:06 - GPU Memory: 4.00 GB
2025-03-23 16:25:06 - [MEMORY] Target GPU memory usage: 3.96 GB (99.0%)
2025-03-23 16:25:06 - Model Architecture: Transformer (GPT-2 Style)
2025-03-23 16:25:06 - Total Parameters: 85,192,793
2025-03-23 16:25:06 - Trainable Parameters: 85,192,793
2025-03-23 16:25:06 - Estimated Model Size: 324.98 MB (FP32)
2025-03-23 16:25:06 - Estimated Training Memory: 2274.89 MB
2025-03-23 16:25:06 - Batch Size: 32
2025-03-23 16:25:06 - Gradient Accumulation Steps: 1
2025-03-23 16:25:06 - Effective Batch Size: 32
2025-03-23 16:25:06 - Learning Rate: 0.0005
2025-03-23 16:25:06 - Number of Epochs: 1
2025-03-23 16:25:06 - Using AMP: False
2025-03-23 16:25:06 - Max Gradient Norm: 1.0
2025-03-23 16:25:06 - Optimizer: 8-bit AdamW
2025-03-23 16:25:06 - LR Scheduler: Linear warmup (4000 steps) then constant
2025-03-23 16:25:06 - Data Path: processed_data/got_char_data.pkl
2025-03-23 16:25:06 - Output Directory: runs\run_20250323-162501
2025-03-23 16:25:06 - Checkpoint Directory: checkpoints
2025-03-23 16:25:06 - Log File: runs\run_20250323-162501\training.log
2025-03-23 16:25:06 - Random Seed: 42
2025-03-23 16:25:06 - [SPEED] Enabled cuDNN benchmarking for faster training
2025-03-23 16:25:06 - ================================================================================
2025-03-23 16:25:06 -                                STARTING TRAINING                                
2025-03-23 16:25:06 - ================================================================================
2025-03-23 16:25:06 - Exception during torch.compile setup: cannot access local variable 'torch' where it is not associated with a value
2025-03-23 16:25:06 - Continuing with standard training
2025-03-23 16:25:06 - Using 8-bit optimizer for training
2025-03-23 16:25:06 - Starting training epoch 0 with gradient accumulation steps: 1
2025-03-23 16:25:06 - Total batches: 602, Batch size: 32
2025-03-23 16:25:06 - Error occurred during training: cannot access local variable 'torch' where it is not associated with a value
Traceback (most recent call last):
  File "C:\Users\nimbu\Desktop\Code\AI\ChatGoT\src\train_optimized.py", line 710, in <module>
    main()
    ~~~~^^
  File "C:\Users\nimbu\Desktop\Code\AI\ChatGoT\src\train_optimized.py", line 578, in main
    train_loss, tokens_per_sec = train_epoch(
                                 ~~~~~~~~~~~^
        model=model,
        ^^^^^^^^^^^^
    ...<11 lines>...
        scaler=scaler
        ^^^^^^^^^^^^^
    )
    ^
  File "C:\Users\nimbu\Desktop\Code\AI\ChatGoT\src\trainer.py", line 139, in train_epoch
    torch.cuda.empty_cache()
    ^^^^^
UnboundLocalError: cannot access local variable 'torch' where it is not associated with a value
