2025-03-23 11:59:59 - Logging to file: C:\Users\nimbu\Desktop\Code\AI\ChatGoT\data_processing.log
2025-03-23 11:59:59 - === LOGGING STARTED AT 2025-03-23 11:59:59 ===
2025-03-23 11:59:59 - Logger initialized with console and file output
2025-03-23 11:59:59 - ================================================================================
2025-03-23 11:59:59 -                                 DATA PROCESSING                                 
2025-03-23 11:59:59 - ================================================================================
2025-03-23 11:59:59 - Processing data with the following parameters:
2025-03-23 11:59:59 -   data_dir: data
2025-03-23 11:59:59 -   output_dir: processed_data
2025-03-23 11:59:59 -   file_pattern: *.txt
2025-03-23 11:59:59 -   min_char_freq: 5
2025-03-23 11:59:59 -   seq_length: 256
2025-03-23 11:59:59 -   stride: None
2025-03-23 11:59:59 -   train_ratio: 0.9
2025-03-23 11:59:59 -   output_filename: got_char_data.pkl
2025-03-23 11:59:59 -   log_file: data_processing.log
2025-03-23 11:59:59 - Starting data processing
2025-03-23 11:59:59 - Found 73 files in data
2025-03-23 12:00:00 - Total text size: 2,740,517 characters
2025-03-23 12:00:00 - Found 95 unique characters in text
2025-03-23 12:00:00 - Keeping 87 characters with frequency >= 5
2025-03-23 12:00:00 - Created vocabulary with 89 entries
2025-03-23 12:00:00 - Encoding text
2025-03-23 12:00:00 - Created 21,409 sequences of length 257
2025-03-23 12:00:00 - Train set: 19,268 sequences
2025-03-23 12:00:00 - Validation set: 2,141 sequences
2025-03-23 12:00:00 - Data processing complete. Saved to processed_data\got_char_data.pkl
2025-03-23 12:00:00 - Data processing completed successfully
