2025-03-23 16:07:40 - Logging to file: C:\Users\nimbu\Desktop\Code\AI\ChatGoT\runs\run_20250323-160740\training.log
2025-03-23 16:07:40 - === LOGGING STARTED AT 2025-03-23 16:07:40 ===
2025-03-23 16:07:40 - Logger initialized with console and file output
2025-03-23 16:07:41 - Random seed set to 42 for reproducibility
2025-03-23 16:07:41 - Arguments saved to runs\run_20250323-160740\args.json
2025-03-23 16:07:41 - Using CUDA with 1 GPU(s)
2025-03-23 16:07:41 - PyTorch version: 2.6.0+cu118
2025-03-23 16:07:41 - GPU Memory Info:
GPU 0: NVIDIA GeForce GTX 1650 Ti, 4.00 GB total, 3.23 GB free
2025-03-23 16:07:41 - Enabled TF32 precision for faster training
2025-03-23 16:07:41 - Enabled cuDNN benchmark mode for faster training
2025-03-23 16:07:41 - Detected 4096MB total VRAM - optimizing for maximum utilization
2025-03-23 16:07:41 - Applied ULTRA-AGGRESSIVE GTX 1650 Ti settings for MAXIMUM throughput and VRAM utilization
2025-03-23 16:07:41 - [MEMORY] Setting VRAM utilization target to 99.0%
2025-03-23 16:07:41 - ================================================================================
2025-03-23 16:07:41 -                                   LOADING DATA                                  
2025-03-23 16:07:41 - ================================================================================
2025-03-23 16:07:41 - Loading data from processed_data/got_char_data.pkl
2025-03-23 16:07:41 - Data loaded: 19268 training sequences, 2141 validation sequences
2025-03-23 16:07:41 - Vocabulary size: 89 characters
2025-03-23 16:07:41 - Created data loaders: 1204 training batches, 34 validation batches
2025-03-23 16:07:41 - Using 4 workers for data loading with prefetch_factor=2
2025-03-23 16:07:41 - ================================================================================
2025-03-23 16:07:41 -                                  CREATING MODEL                                 
2025-03-23 16:07:41 - ================================================================================
2025-03-23 16:07:42 - Model initialized with 768 dimensions, 85,192,793 parameters
2025-03-23 16:07:42 - Trainable parameters: 85,192,793
2025-03-23 16:07:42 - Estimated model size: 327.98MB
2025-03-23 16:07:42 - Created transformer model with 85,192,793 parameters
2025-03-23 16:07:42 - Model config: d_model=768, n_head=12, d_hid=3072, n_layers=12
2025-03-23 16:07:42 - Using standard GPT-2 Small architecture
2025-03-23 16:07:42 - Using memory-efficient attention implementation
2025-03-23 16:07:42 - Model moved to cuda
2025-03-23 16:07:44 - Using LambdaLR scheduler with warmup_steps=4000
2025-03-23 16:07:44 - ================================================================================
2025-03-23 16:07:44 -                              TRAINING CONFIGURATION                             
2025-03-23 16:07:44 - ================================================================================
2025-03-23 16:07:44 - Device: cuda
2025-03-23 16:07:44 - GPU: NVIDIA GeForce GTX 1650 Ti
2025-03-23 16:07:44 - CUDA: 11.8
2025-03-23 16:07:44 - PyTorch CUDA: 11.8
2025-03-23 16:07:44 - GPU Memory: 4.00 GB
2025-03-23 16:07:44 - [MEMORY] Target GPU memory usage: 3.96 GB (99.0%)
2025-03-23 16:07:44 - Model Architecture: Transformer (GPT-2 Style)
2025-03-23 16:07:44 - Total Parameters: 85,192,793
2025-03-23 16:07:44 - Trainable Parameters: 85,192,793
2025-03-23 16:07:44 - Estimated Model Size: 324.98 MB (FP32)
2025-03-23 16:07:44 - Estimated Training Memory: 2274.89 MB
2025-03-23 16:07:44 - Batch Size: 16
2025-03-23 16:07:44 - Gradient Accumulation Steps: 4
2025-03-23 16:07:44 - Effective Batch Size: 64
2025-03-23 16:07:44 - Learning Rate: 5e-05
2025-03-23 16:07:44 - Number of Epochs: 2
2025-03-23 16:07:44 - Using AMP: False
2025-03-23 16:07:44 - Max Gradient Norm: 1.0
2025-03-23 16:07:44 - Optimizer: AdamW
2025-03-23 16:07:44 - LR Scheduler: Linear warmup (4000 steps) then constant
2025-03-23 16:07:44 - Data Path: processed_data/got_char_data.pkl
2025-03-23 16:07:44 - Output Directory: runs\run_20250323-160740
2025-03-23 16:07:44 - Checkpoint Directory: checkpoints
2025-03-23 16:07:44 - Log File: runs\run_20250323-160740\training.log
2025-03-23 16:07:44 - Random Seed: 42
2025-03-23 16:07:44 - [SPEED] Enabled cuDNN benchmarking for faster training
2025-03-23 16:07:44 - ================================================================================
2025-03-23 16:07:44 -                                STARTING TRAINING                                
2025-03-23 16:07:44 - ================================================================================
2025-03-23 16:07:44 - Error occurred during training: cannot access local variable 'torch' where it is not associated with a value
Traceback (most recent call last):
  File "C:\Users\nimbu\Desktop\Code\AI\ChatGoT\src\train_optimized.py", line 653, in <module>
    main()
    ~~~~^^
  File "C:\Users\nimbu\Desktop\Code\AI\ChatGoT\src\train_optimized.py", line 521, in main
    train_loss, tokens_per_sec = train_epoch(
                                 ~~~~~~~~~~~^
        model=model,
        ^^^^^^^^^^^^
    ...<11 lines>...
        scaler=scaler
        ^^^^^^^^^^^^^
    )
    ^
  File "C:\Users\nimbu\Desktop\Code\AI\ChatGoT\src\trainer.py", line 74, in train_epoch
    if use_torch_compile and hasattr(torch, 'compile') and device.type == 'cuda':
                                     ^^^^^
UnboundLocalError: cannot access local variable 'torch' where it is not associated with a value
