2025-03-23 13:35:08 - Logging to file: C:\Users\nimbu\Desktop\Code\AI\ChatGoT\runs\run_20250323-133508\training.log
2025-03-23 13:35:08 - === LOGGING STARTED AT 2025-03-23 13:35:08 ===
2025-03-23 13:35:08 - Logger initialized with console and file output
2025-03-23 13:35:09 - Random seed set to 42 for reproducibility
2025-03-23 13:35:09 - Arguments saved to runs\run_20250323-133508\args.json
2025-03-23 13:35:09 - Using GPU: NVIDIA GeForce GTX 1650 Ti
2025-03-23 13:35:09 - Number of GPUs: 1
2025-03-23 13:35:09 - CUDA Version: 11.8
2025-03-23 13:35:09 - GPU Memory: 4.00 GB (Free: 3.23 GB)
2025-03-23 13:35:09 - Detected 4096MB total VRAM - optimizing for maximum utilization
2025-03-23 13:35:09 - Applied ULTRA-AGGRESSIVE GTX 1650 Ti settings for MAXIMUM throughput and VRAM utilization
2025-03-23 13:35:09 - Forced aggressive memory optimization (99% VRAM utilization target)
2025-03-23 13:35:09 - [MEMORY] Using optimized gradient accumulation steps: 1
2025-03-23 13:35:09 - [MEMORY] Setting VRAM utilization target to 99.0%
2025-03-23 13:35:09 - [MEMORY] Pre-allocating maximum CUDA memory to force high throughput...
2025-03-23 13:35:09 - [MEMORY] Pre-allocating maximum CUDA memory to force high throughput...
2025-03-23 13:35:09 - [MEMORY] Allocation stage 1/4: Targeting 50% of allocation goal
2025-03-23 13:35:09 -   - Current VRAM: 500.0MB (12.2% of total VRAM)
2025-03-23 13:35:09 - [MEMORY] Allocation stage 2/4: Targeting 75% of allocation goal
2025-03-23 13:35:09 -   - Current VRAM: 1244.9MB (30.4% of total VRAM)
2025-03-23 13:35:09 - [MEMORY] Allocation stage 3/4: Targeting 90% of allocation goal
2025-03-23 13:35:09 -   - Current VRAM: 2138.9MB (52.2% of total VRAM)
2025-03-23 13:35:09 - [MEMORY] Allocation stage 4/4: Targeting 98% of allocation goal
2025-03-23 13:35:09 -   - Current VRAM: 3112.3MB (76.0% of total VRAM)
2025-03-23 13:35:09 - [MEMORY] Successfully pre-allocated 3112.3MB of CUDA memory (3112.3MB total, 76.0% of VRAM)
2025-03-23 13:35:09 - [MEMORY] Attempting to allocate final 942.5MB of VRAM for maximum utilization
2025-03-23 13:35:09 - [MEMORY] Allocated additional 923.6MB in final pass (total: 4035.9MB, 98.5% of VRAM)
2025-03-23 13:35:09 - [MEMORY] Creating permanent VRAM buffer of 202.0MB to maintain high utilization
2025-03-23 13:35:09 - [MEMORY] Released pre-allocated memory, now available for training
2025-03-23 13:35:09 - [MEMORY] Memory after release: 386.7MB (9.4% of VRAM)
2025-03-23 13:35:09 - [MEMORY] Ready for training with 386.7MB reserved (9.4% of VRAM)
2025-03-23 13:35:09 - ================================================================================
2025-03-23 13:35:09 -                                   LOADING DATA                                  
2025-03-23 13:35:09 - ================================================================================
2025-03-23 13:35:09 - Loading data from processed_data/got_char_data.pkl
2025-03-23 13:35:09 - Data loaded: 19268 training sequences, 2141 validation sequences
2025-03-23 13:35:09 - Vocabulary size: 89 characters
2025-03-23 13:35:09 - Created data loaders: 602 training batches, 17 validation batches
2025-03-23 13:35:10 - Using 4 workers for data loading with prefetch_factor=2
2025-03-23 13:35:10 - ================================================================================
2025-03-23 13:35:10 -                                  CREATING MODEL                                 
2025-03-23 13:35:10 - ================================================================================
2025-03-23 13:35:10 - Model initialized with 768 dimensions, 85,192,793 parameters
2025-03-23 13:35:10 - Trainable parameters: 85,192,793
2025-03-23 13:35:10 - Estimated model size: 327.98MB
2025-03-23 13:35:10 - Created transformer model with 85,192,793 parameters
2025-03-23 13:35:10 - Model config: d_model=768, n_head=12, d_hid=3072, n_layers=12
2025-03-23 13:35:10 - Using standard GPT-2 Small architecture
2025-03-23 13:35:10 - Using memory-efficient attention implementation
2025-03-23 13:35:11 - Model moved to cuda
2025-03-23 13:35:11 - [MEMORY] Enabling aggressive GPU memory strategies for data loading and processing
2025-03-23 13:35:11 - [MEMORY] Current VRAM utilization: 8.0%
2025-03-23 13:35:12 - Using LambdaLR scheduler with warmup_steps=4000
2025-03-23 13:35:12 - Automatic Mixed Precision enabled with torch.float16
2025-03-23 13:35:12 - ================================================================================
2025-03-23 13:35:12 -                              TRAINING CONFIGURATION                             
2025-03-23 13:35:12 - ================================================================================
2025-03-23 13:35:12 - Device: cuda
2025-03-23 13:35:12 - GPU: NVIDIA GeForce GTX 1650 Ti
2025-03-23 13:35:12 - CUDA: 11.8
2025-03-23 13:35:12 - PyTorch CUDA: 11.8
2025-03-23 13:35:12 - GPU Memory: 4.00 GB
2025-03-23 13:35:12 - [MEMORY] Target GPU memory usage: 3.96 GB (99.0%)
2025-03-23 13:35:12 - Model Architecture: Transformer (GPT-2 Style)
2025-03-23 13:35:12 - Total Parameters: 85,192,793
2025-03-23 13:35:12 - Trainable Parameters: 85,192,793
2025-03-23 13:35:12 - Estimated Model Size: 324.98 MB (FP32)
2025-03-23 13:35:12 - Estimated Training Memory: 2274.89 MB
2025-03-23 13:35:12 - Batch Size: 32
2025-03-23 13:35:12 - Gradient Accumulation Steps: 1
2025-03-23 13:35:12 - Effective Batch Size: 32
2025-03-23 13:35:12 - Learning Rate: 0.0005
2025-03-23 13:35:12 - Number of Epochs: 1
2025-03-23 13:35:12 - Using AMP: True
2025-03-23 13:35:12 - AMP Precision: float16
2025-03-23 13:35:12 - Max Gradient Norm: 1.0
2025-03-23 13:35:12 - Optimizer: AdamW
2025-03-23 13:35:12 - LR Scheduler: Linear warmup (4000 steps) then constant
2025-03-23 13:35:12 - Data Path: processed_data/got_char_data.pkl
2025-03-23 13:35:12 - Output Directory: runs\run_20250323-133508
2025-03-23 13:35:12 - Checkpoint Directory: checkpoints
2025-03-23 13:35:12 - Log File: runs\run_20250323-133508\training.log
2025-03-23 13:35:12 - [MEMORY] Aggressive memory optimization enabled
2025-03-23 13:35:12 - Random Seed: 42
2025-03-23 13:35:12 - [SPEED] Enabled cuDNN benchmarking for faster training
2025-03-23 13:35:12 - ================================================================================
2025-03-23 13:35:12 -                                STARTING TRAINING                                
2025-03-23 13:35:12 - ================================================================================
2025-03-23 13:35:12 - Starting training epoch 0 with gradient accumulation steps: 1
2025-03-23 13:35:12 - Total batches: 602, Batch size: 32
2025-03-23 13:35:12 - [MEMORY] Current VRAM utilization is low (8.0%). Allocating cache tensors to increase GPU utilization.
2025-03-23 13:35:12 - [MEMORY] Allocating additional 2743.0MB to increase GPU utilization
2025-03-23 13:35:13 - [MEMORY] Increased VRAM utilization to 75.0%
2025-03-23 13:35:37 - Progress: 0.2% | Batch 1/602 | Loss: 5.3711 | Rate: 333.2 tokens/sec | ETA: 4.1h | VRAM: 3745.7MB/4095.7MB (91.5%)
2025-03-23 13:36:16 - Minute 1 update | Progress: 0.5% | Batch 3/602 | ETA: 2.6h | Memory: 3745.7MB (91.5%)
2025-03-23 13:36:54 - Progress: 0.8% | Batch 5/602 | Loss: 5.3125 | Rate: 405.4 tokens/sec | ETA: 3.4h | VRAM: 3745.7MB/4095.7MB (91.5%)
2025-03-23 13:37:31 - Minute 2 update | Progress: 1.2% | Batch 7/602 | ETA: 2.9h | Memory: 3745.7MB (91.5%)
2025-03-23 13:38:09 - Progress: 1.5% | Batch 9/602 | Loss: 5.1328 | Rate: 417.8 tokens/sec | ETA: 3.2h | VRAM: 3745.7MB/4095.7MB (91.5%)
2025-03-23 13:38:28 - Progress: 1.7% | Batch 10/602 | Loss: 5.1133 | Rate: 419.8 tokens/sec | ETA: 3.2h | VRAM: 3745.7MB/4095.7MB (91.5%)
2025-03-23 13:38:46 - Minute 3 update | Progress: 1.8% | Batch 11/602 | ETA: 2.9h | Memory: 3745.7MB (91.5%)
