2025-03-23 16:08:54 - Logging to file: C:\Users\nimbu\Desktop\Code\AI\ChatGoT\runs\run_20250323-160854\training.log
2025-03-23 16:08:54 - === LOGGING STARTED AT 2025-03-23 16:08:54 ===
2025-03-23 16:08:54 - Logger initialized with console and file output
2025-03-23 16:08:56 - Random seed set to 42 for reproducibility
2025-03-23 16:08:56 - Arguments saved to runs\run_20250323-160854\args.json
2025-03-23 16:08:56 - Using CUDA with 1 GPU(s)
2025-03-23 16:08:56 - PyTorch version: 2.6.0+cu118
2025-03-23 16:08:56 - GPU Memory Info:
GPU 0: NVIDIA GeForce GTX 1650 Ti, 4.00 GB total, 3.23 GB free
2025-03-23 16:08:56 - Enabled TF32 precision for faster training
2025-03-23 16:08:56 - Enabled cuDNN benchmark mode for faster training
2025-03-23 16:08:56 - Detected 4096MB total VRAM - optimizing for maximum utilization
2025-03-23 16:08:56 - Applied ULTRA-AGGRESSIVE GTX 1650 Ti settings for MAXIMUM throughput and VRAM utilization
2025-03-23 16:08:56 - [MEMORY] Setting VRAM utilization target to 99.0%
2025-03-23 16:08:56 - ================================================================================
2025-03-23 16:08:56 -                                   LOADING DATA                                  
2025-03-23 16:08:56 - ================================================================================
2025-03-23 16:08:56 - Loading data from processed_data/got_char_data.pkl
2025-03-23 16:08:56 - Data loaded: 19268 training sequences, 2141 validation sequences
2025-03-23 16:08:56 - Vocabulary size: 89 characters
2025-03-23 16:08:56 - Created data loaders: 802 training batches, 23 validation batches
2025-03-23 16:08:56 - Using 4 workers for data loading with prefetch_factor=2
2025-03-23 16:08:56 - ================================================================================
2025-03-23 16:08:56 -                                  CREATING MODEL                                 
2025-03-23 16:08:56 - ================================================================================
2025-03-23 16:08:56 - Model initialized with 768 dimensions, 85,192,793 parameters
2025-03-23 16:08:56 - Trainable parameters: 85,192,793
2025-03-23 16:08:56 - Estimated model size: 327.98MB
2025-03-23 16:08:57 - Created transformer model with 85,192,793 parameters
2025-03-23 16:08:57 - Model config: d_model=768, n_head=12, d_hid=3072, n_layers=12
2025-03-23 16:08:57 - Using standard GPT-2 Small architecture
2025-03-23 16:08:57 - Using memory-efficient attention implementation
2025-03-23 16:08:57 - Model moved to cuda
2025-03-23 16:08:57 - Using 8-bit optimizers from bitsandbytes
2025-03-23 16:08:57 - Creating 8-bit AdamW optimizer
2025-03-23 16:08:59 - 8-bit optimizer successfully created
2025-03-23 16:08:59 - Using LambdaLR scheduler with warmup_steps=4000
2025-03-23 16:08:59 - ================================================================================
2025-03-23 16:08:59 -                              TRAINING CONFIGURATION                             
2025-03-23 16:08:59 - ================================================================================
2025-03-23 16:08:59 - Device: cuda
2025-03-23 16:08:59 - GPU: NVIDIA GeForce GTX 1650 Ti
2025-03-23 16:08:59 - CUDA: 11.8
2025-03-23 16:08:59 - PyTorch CUDA: 11.8
2025-03-23 16:08:59 - GPU Memory: 4.00 GB
2025-03-23 16:08:59 - [MEMORY] Target GPU memory usage: 3.96 GB (99.0%)
2025-03-23 16:08:59 - Model Architecture: Transformer (GPT-2 Style)
2025-03-23 16:08:59 - Total Parameters: 85,192,793
2025-03-23 16:08:59 - Trainable Parameters: 85,192,793
2025-03-23 16:08:59 - Estimated Model Size: 324.98 MB (FP32)
2025-03-23 16:08:59 - Estimated Training Memory: 2274.89 MB
2025-03-23 16:08:59 - Batch Size: 24
2025-03-23 16:08:59 - Gradient Accumulation Steps: 4
2025-03-23 16:08:59 - Effective Batch Size: 96
2025-03-23 16:08:59 - Learning Rate: 5e-05
2025-03-23 16:08:59 - Number of Epochs: 2
2025-03-23 16:08:59 - Using AMP: False
2025-03-23 16:08:59 - Max Gradient Norm: 1.0
2025-03-23 16:08:59 - Optimizer: 8-bit AdamW
2025-03-23 16:08:59 - LR Scheduler: Linear warmup (4000 steps) then constant
2025-03-23 16:08:59 - Data Path: processed_data/got_char_data.pkl
2025-03-23 16:08:59 - Output Directory: runs\run_20250323-160854
2025-03-23 16:08:59 - Checkpoint Directory: checkpoints
2025-03-23 16:08:59 - Log File: runs\run_20250323-160854\training.log
2025-03-23 16:08:59 - Random Seed: 42
2025-03-23 16:08:59 - [SPEED] Enabled cuDNN benchmarking for faster training
2025-03-23 16:08:59 - ================================================================================
2025-03-23 16:08:59 -                                STARTING TRAINING                                
2025-03-23 16:08:59 - ================================================================================
2025-03-23 16:08:59 - Starting training epoch 0 with gradient accumulation steps: 4
2025-03-23 16:08:59 - Total batches: 802, Batch size: 24
2025-03-23 16:08:59 - Error occurred during training: cannot access local variable 'torch' where it is not associated with a value
Traceback (most recent call last):
  File "C:\Users\nimbu\Desktop\Code\AI\ChatGoT\src\train_optimized.py", line 710, in <module>
    main()
    ~~~~^^
  File "C:\Users\nimbu\Desktop\Code\AI\ChatGoT\src\train_optimized.py", line 578, in main
    train_loss, tokens_per_sec = train_epoch(
                                 ~~~~~~~~~~~^
        model=model,
        ^^^^^^^^^^^^
    ...<11 lines>...
        scaler=scaler
        ^^^^^^^^^^^^^
    )
    ^
  File "C:\Users\nimbu\Desktop\Code\AI\ChatGoT\src\trainer.py", line 114, in train_epoch
    torch.cuda.empty_cache()
    ^^^^^
UnboundLocalError: cannot access local variable 'torch' where it is not associated with a value
